[debug] > Exec(early(addDefaultCommands), None, None)
[debug] > Exec(addDefaultCommands, None, None)
[debug] > Exec(early(initialize), None, None)
[debug] > Exec(initialize, None, None)
[debug] > Exec(boot, None, None)
[debug] > Exec(writeSbtVersion, None, None)
[debug] > Exec(reload, None, None)
[debug] > Exec(sbtStashOnFailure, None, None)
[debug] > Exec(onFailure loadFailed, None, None)
[debug] > Exec(loadp, None, None)
[info] welcome to sbt 1.6.2 (Oracle Corporation Java 1.8.0_261)
[debug] Load.defaultLoad until apply took 437.591622ms
[debug]           Load.loadUnit: plugins took 75.776672ms
[debug]           Load.loadUnit: defsScala took 0.327173ms
[debug] [Loading] Scanning directory /home/koolj/willnftorai/predict_text/untitled/project
[debug] [Loading] Found non-root projects 
[debug] [Loading] Done in /home/koolj/willnftorai/predict_text/untitled/project, returning: ()
[debug] deducing auto plugins based on known facts Set(Atom(sbt.plugins.CorePlugin)) and clauses Clauses(Clause(Atom(sbt.plugins.JvmPlugin),Set(Atom(sbt.plugins.IvyPlugin)))
[debug] Clause(Atom(sbt.ScriptedPlugin),Set(Atom(sbt.plugins.JvmPlugin)))
[debug] Clause(Atom(sbt.plugins.SbtPlugin),Set(Atom(sbt.ScriptedPlugin)))
[debug] Clause(Atom(sbt.plugins.SemanticdbPlugin),Set(Atom(sbt.plugins.JvmPlugin)))
[debug] Clause(Atom(sbt.plugins.JUnitXmlReportPlugin),Set(Atom(sbt.plugins.JvmPlugin)))
[debug] Clause(Atom(sbt.plugins.MiniDependencyTreePlugin),Set(Atom(sbt.plugins.JvmPlugin)))
[debug] Clause(Atom(sbt.plugins.CorePlugin),Set(Atom(sbt.plugins.IvyPlugin)))
[debug] Clause(Atom(sbt.plugins.IvyPlugin),Set(Atom(sbt.plugins.JvmPlugin)))
[debug] Clause(Atom(sbt.plugins.JvmPlugin),Set(Atom(sbt.plugins.SemanticdbPlugin)))
[debug] Clause(Atom(sbt.plugins.JvmPlugin),Set(Atom(sbt.plugins.JUnitXmlReportPlugin)))
[debug] Clause(Atom(sbt.plugins.CorePlugin),Set(Atom(sbt.plugins.Giter8TemplatePlugin)))
[debug] Clause(Atom(sbt.plugins.JvmPlugin),Set(Atom(sbt.plugins.MiniDependencyTreePlugin))))
[debug]   :: deduced result: Matched(sbt.plugins.CorePlugin,sbt.plugins.Giter8TemplatePlugin,sbt.plugins.IvyPlugin,sbt.plugins.JvmPlugin,sbt.plugins.MiniDependencyTreePlugin,sbt.plugins.JUnitXmlReportPlugin,sbt.plugins.SemanticdbPlugin)
[debug] Plugins.deducer#function took 21.8075 ms
[debug]               Load.resolveProject(untitled-build) took 57.597902ms
[debug]             Load.loadTransitive: finalizeProject(Project(id untitled-build, base: /home/koolj/willnftorai/predict_text/untitled/project, plugins: List(<none>))) took 276.214619ms
[debug] [Loading] Done in /home/koolj/willnftorai/predict_text/untitled/project, returning: (untitled-build)
[debug]           Load.loadUnit: loadedProjectsRaw took 296.015522ms
[debug]           Load.loadUnit: cleanEvalClasses took 0.447456ms
[debug]         Load.loadUnit(file:/home/koolj/willnftorai/predict_text/untitled/project/, ...) took 378.824632ms
[debug]       Load.apply: load took 553.552672ms
[debug]       Load.apply: resolveProjects took 8.476319ms
[debug]       Load.apply: finalTransforms took 81.030068ms
[debug]       Load.apply: config.delegates took 9.343721ms
[debug]       Load.apply: Def.make(settings)... took 374.368247ms
[debug]       Load.apply: structureIndex took 136.041739ms
[debug]       Load.apply: mkStreams took 1.703608ms
[info] loading project definition from /home/koolj/willnftorai/predict_text/untitled/project
[debug] Running task... Cancel: Signal, check cycles: false, forcegc: true
